<?xml version="1.0" encoding="UTF-8"?>
<!-- Generated by org.testng.reporters.JUnitXMLReporter -->
<testsuite ignored="8" hostname="VISWA" failures="0" tests="8" name="Check Before Test and Before Class" time="0.045" errors="0" timestamp="2024-07-12T17:48:53 IST">
  <testcase classname="BeforeTest_BeforeClass.Class1" name="f1" time="0.0"/>
  <testcase classname="BeforeTest_BeforeClass.Class1" name="f2" time="0.0"/>
  <testcase classname="BeforeTest_BeforeClass.Class2" name="f1" time="0.0"/>
  <testcase classname="BeforeTest_BeforeClass.Class2" name="f2" time="0.0"/>
  <testcase classname="BeforeTest_BeforeClass.BeforeTestAndBeforeClassTest" name="f1" time="0.001"/>
  <testcase classname="BeforeTest_BeforeClass.BeforeTestAndBeforeClassTest" name="f2" time="0.001"/>
  <testcase classname="TestNGAnnotations.AnnotationSequence" name="f1" time="0.0"/>
  <testcase classname="TestNGAnnotations.AnnotationSequence" name="f2" time="0.0"/>
  <testcase classname="BeforeTest_BeforeClass.BeforeTestAndBeforeClassTest" name="@AfterSuite AfterSuite" time="0.0">
    <ignored/>
  </testcase> <!-- @AfterSuite AfterSuite -->
  <testcase classname="BeforeTest_BeforeClass.BeforeTestAndBeforeClassTest" name="@AfterSuite AfterSuite" time="0.0">
    <ignored/>
  </testcase> <!-- @AfterSuite AfterSuite -->
  <testcase classname="BeforeTest_BeforeClass.BeforeTestAndBeforeClassTest" name="@BeforeSuite BeforeSuite" time="0.0">
    <ignored/>
  </testcase> <!-- @BeforeSuite BeforeSuite -->
  <testcase classname="BeforeTest_BeforeClass.BeforeTestAndBeforeClassTest" name="@BeforeSuite BeforeSuite" time="0.0">
    <ignored/>
  </testcase> <!-- @BeforeSuite BeforeSuite -->
  <testcase classname="BeforeTest_BeforeClass.BeforeTestAndBeforeClassTest" name="@BeforeTest beforeTest" time="0.0">
    <ignored/>
  </testcase> <!-- @BeforeTest beforeTest -->
  <testcase classname="BeforeTest_BeforeClass.BeforeTestAndBeforeClassTest" name="@BeforeTest beforeTest" time="0.0">
    <ignored/>
  </testcase> <!-- @BeforeTest beforeTest -->
  <testcase classname="BeforeTest_BeforeClass.BeforeTestAndBeforeClassTest" name="@AfterTest afterTest" time="0.0">
    <ignored/>
  </testcase> <!-- @AfterTest afterTest -->
  <testcase classname="BeforeTest_BeforeClass.BeforeTestAndBeforeClassTest" name="@AfterTest afterTest" time="0.0">
    <ignored/>
  </testcase> <!-- @AfterTest afterTest -->
</testsuite> <!-- Check Before Test and Before Class -->
