<?xml version="1.0" encoding="UTF-8"?>
<!-- Generated by org.testng.reporters.JUnitXMLReporter -->
<testsuite ignored="0" hostname="VISWA" failures="0" tests="8" name="ExamplePriority" time="0.066" errors="0" timestamp="2024-07-14T00:03:39 IST">
  <testcase classname="TestNGAnnotations.ExamplePriority" name="BeforeSuite" time="0.01"/>
  <testcase classname="TestNGAnnotations.ExamplePriority" name="beforeTest" time="0.0"/>
  <testcase classname="TestNGAnnotations.ExamplePriority" name="beforeMethod" time="0.002"/>
  <testcase classname="TestNGAnnotations.ExamplePriority" name="f1" time="0.001"/>
  <testcase classname="TestNGAnnotations.ExamplePriority" name="f2" time="0.001"/>
  <testcase classname="TestNGAnnotations.ExamplePriority" name="afterMethod" time="0.001"/>
  <testcase classname="TestNGAnnotations.ExamplePriority" name="AfterSuite" time="0.001"/>
  <testcase classname="TestNGAnnotations.ExamplePriority" name="afterTest" time="0.001"/>
</testsuite> <!-- ExamplePriority -->
