<?xml version="1.0" encoding="UTF-8"?>
<!-- Generated by org.testng.reporters.JUnitXMLReporter -->
<testsuite ignored="0" hostname="VISWA" failures="0" tests="5" name="Testing Groups in TestNG" time="0.065" errors="0" timestamp="2024-07-12T23:30:23 IST">
  <testcase classname="TestNGAnnotations.Groups" name="f1" time="0.009"/>
  <testcase classname="TestNGAnnotations.Groups" name="f2" time="0.001"/>
  <testcase classname="TestNGAnnotations.Groups" name="openGmail" time="0.001"/>
  <testcase classname="TestNGAnnotations.Groups" name="composeEmail" time="0.002"/>
  <testcase classname="TestNGAnnotations.Groups" name="sendEmail" time="0.001"/>
</testsuite> <!-- Testing Groups in TestNG -->
