<?xml version="1.0" encoding="UTF-8"?>
<!-- Generated by org.testng.reporters.JUnitXMLReporter -->
<testsuite ignored="0" hostname="VISWA" failures="0" tests="7" name="Testing Parameterization of Data" time="0.092" errors="0" timestamp="2024-07-15T00:08:46 IST">
  <testcase classname="TestNGAnnotations.AnnotationSequence" name="f1" time="0.024"/>
  <testcase classname="TestNGAnnotations.AnnotationSequence" name="f2" time="0.001"/>
  <testcase classname="TestNGAnnotations.AnnotationSequence" name="testProduct" time="0.002"/>
  <testcase classname="TestNGAnnotations.AnnotationSequence" name="testProduct" time="0.001"/>
  <testcase classname="TestNGAnnotations.AnnotationSequence" name="testProduct" time="0.001"/>
  <testcase classname="TestNGAnnotations.AnnotationSequence" name="testProduct" time="0.002"/>
  <testcase classname="TestNGAnnotations.AnnotationSequence" name="testingParameters" time="0.002"/>
</testsuite> <!-- Testing Parameterization of Data -->
