<?xml version="1.0" encoding="UTF-8"?>
<!-- Generated by org.testng.reporters.JUnitXMLReporter -->
<testsuite ignored="0" hostname="VISWA" failures="0" tests="3" name="Testing Parameterization of Data" time="0.057" errors="0" timestamp="2024-07-13T00:01:15 IST">
  <testcase classname="TestNGAnnotations.AnnotationSequence" name="f1" time="0.01"/>
  <testcase classname="TestNGAnnotations.AnnotationSequence" name="f2" time="0.001"/>
  <testcase classname="TestNGAnnotations.AnnotationSequence" name="testingParameters" time="0.002"/>
</testsuite> <!-- Testing Parameterization of Data -->
