<?xml version="1.0" encoding="UTF-8"?>
<!-- Generated by org.testng.reporters.JUnitXMLReporter -->
<testsuite ignored="8" hostname="VISWA" failures="0" tests="6" name="Default test" time="0.077" errors="0" timestamp="2024-07-12T17:19:28 IST">
  <testcase classname="BeforeTest_BeforeClass.BeforeTestAndBeforeClassTest" name="f1" time="0.011"/>
  <testcase classname="BeforeTest_BeforeClass.BeforeTestAndBeforeClassTest" name="f2" time="0.002"/>
  <testcase classname="BeforeTest_BeforeClass.Class1" name="f1" time="0.002"/>
  <testcase classname="BeforeTest_BeforeClass.Class1" name="f2" time="0.002"/>
  <testcase classname="BeforeTest_BeforeClass.Class2" name="f1" time="0.001"/>
  <testcase classname="BeforeTest_BeforeClass.Class2" name="f2" time="0.002"/>
  <testcase classname="BeforeTest_BeforeClass.BeforeTestAndBeforeClassTest" name="@AfterSuite AfterSuite" time="0.0">
    <ignored/>
  </testcase> <!-- @AfterSuite AfterSuite -->
  <testcase classname="BeforeTest_BeforeClass.BeforeTestAndBeforeClassTest" name="@AfterSuite AfterSuite" time="0.0">
    <ignored/>
  </testcase> <!-- @AfterSuite AfterSuite -->
  <testcase classname="BeforeTest_BeforeClass.BeforeTestAndBeforeClassTest" name="@BeforeSuite BeforeSuite" time="0.0">
    <ignored/>
  </testcase> <!-- @BeforeSuite BeforeSuite -->
  <testcase classname="BeforeTest_BeforeClass.BeforeTestAndBeforeClassTest" name="@BeforeSuite BeforeSuite" time="0.0">
    <ignored/>
  </testcase> <!-- @BeforeSuite BeforeSuite -->
  <testcase classname="BeforeTest_BeforeClass.BeforeTestAndBeforeClassTest" name="@BeforeTest beforeTest" time="0.0">
    <ignored/>
  </testcase> <!-- @BeforeTest beforeTest -->
  <testcase classname="BeforeTest_BeforeClass.BeforeTestAndBeforeClassTest" name="@BeforeTest beforeTest" time="0.0">
    <ignored/>
  </testcase> <!-- @BeforeTest beforeTest -->
  <testcase classname="BeforeTest_BeforeClass.BeforeTestAndBeforeClassTest" name="@AfterTest afterTest" time="0.0">
    <ignored/>
  </testcase> <!-- @AfterTest afterTest -->
  <testcase classname="BeforeTest_BeforeClass.BeforeTestAndBeforeClassTest" name="@AfterTest afterTest" time="0.0">
    <ignored/>
  </testcase> <!-- @AfterTest afterTest -->
</testsuite> <!-- Default test -->
