<?xml version="1.0" encoding="UTF-8"?>
<!-- Generated by org.testng.reporters.JUnitXMLReporter -->
<testsuite ignored="0" hostname="VISWA" failures="0" tests="4" name="Default test" time="0.048" errors="0" timestamp="2024-07-14T23:31:26 IST">
  <testcase classname="CustomAnnotation.SampleTestClass" name="runRegressionTests" time="0.008"/>
  <testcase classname="CustomAnnotation.SampleTestClass" name="runSmokeTests" time="0.002"/>
  <testcase classname="CustomAnnotation.SampleTestClass" name="sampleTest1" time="0.001"/>
  <testcase classname="CustomAnnotation.SampleTestClass" name="sampleTest2" time="0.001"/>
</testsuite> <!-- Default test -->
