<?xml version="1.0" encoding="UTF-8"?>
<testng-results ignored="0" total="10" passed="10" failed="0" skipped="0">
  <reporter-output>
  </reporter-output>
  <suite started-at="2024-07-14T01:01:46 IST" name="Sample Suite" finished-at="2024-07-14T01:01:46 IST" duration-ms="235">
    <groups>
      <group name="DeleteItems">
        <method signature="Groups.f2()[pri:0, instance:TestNGAnnotations.Groups@6bd61f98]" name="f2" class="TestNGAnnotations.Groups"/>
      </group> <!-- DeleteItems -->
      <group name="AddItems">
        <method signature="Groups.f1()[pri:0, instance:TestNGAnnotations.Groups@6bd61f98]" name="f1" class="TestNGAnnotations.Groups"/>
      </group> <!-- AddItems -->
    </groups>
    <test started-at="2024-07-14T01:01:46 IST" name="ExamplePriority" finished-at="2024-07-14T01:01:46 IST" duration-ms="75">
      <class name="TestNGAnnotations.ExamplePriority">
        <test-method signature="beforeTest()[pri:2, instance:TestNGAnnotations.ExamplePriority@4d5b6aac]" started-at="2024-07-14T01:01:46 IST" name="beforeTest" finished-at="2024-07-14T01:01:46 IST" duration-ms="13" status="PASS">
          <reporter-output>
          </reporter-output>
        </test-method> <!-- beforeTest -->
        <test-method signature="BeforeSuite()[pri:1, instance:TestNGAnnotations.ExamplePriority@4d5b6aac]" started-at="2024-07-14T01:01:46 IST" name="BeforeSuite" finished-at="2024-07-14T01:01:46 IST" duration-ms="15" status="PASS">
          <reporter-output>
          </reporter-output>
        </test-method> <!-- BeforeSuite -->
        <test-method signature="beforeMethod()[pri:3, instance:TestNGAnnotations.ExamplePriority@4d5b6aac]" started-at="2024-07-14T01:01:46 IST" name="beforeMethod" finished-at="2024-07-14T01:01:46 IST" duration-ms="1" status="PASS">
          <reporter-output>
          </reporter-output>
        </test-method> <!-- beforeMethod -->
        <test-method signature="f1()[pri:4, instance:TestNGAnnotations.ExamplePriority@4d5b6aac]" started-at="2024-07-14T01:01:46 IST" name="f1" finished-at="2024-07-14T01:01:46 IST" duration-ms="3" status="PASS">
          <reporter-output>
          </reporter-output>
        </test-method> <!-- f1 -->
        <test-method signature="f2()[pri:5, instance:TestNGAnnotations.ExamplePriority@4d5b6aac]" started-at="2024-07-14T01:01:46 IST" name="f2" finished-at="2024-07-14T01:01:46 IST" duration-ms="2" status="PASS">
          <reporter-output>
          </reporter-output>
        </test-method> <!-- f2 -->
        <test-method signature="afterMethod()[pri:6, instance:TestNGAnnotations.ExamplePriority@4d5b6aac]" started-at="2024-07-14T01:01:46 IST" name="afterMethod" finished-at="2024-07-14T01:01:46 IST" duration-ms="2" status="PASS">
          <reporter-output>
          </reporter-output>
        </test-method> <!-- afterMethod -->
        <test-method signature="AfterSuite()[pri:7, instance:TestNGAnnotations.ExamplePriority@4d5b6aac]" started-at="2024-07-14T01:01:46 IST" name="AfterSuite" finished-at="2024-07-14T01:01:46 IST" duration-ms="2" status="PASS">
          <reporter-output>
          </reporter-output>
        </test-method> <!-- AfterSuite -->
        <test-method signature="afterTest()[pri:8, instance:TestNGAnnotations.ExamplePriority@4d5b6aac]" started-at="2024-07-14T01:01:46 IST" name="afterTest" finished-at="2024-07-14T01:01:46 IST" duration-ms="1" status="PASS">
          <reporter-output>
          </reporter-output>
        </test-method> <!-- afterTest -->
      </class> <!-- TestNGAnnotations.ExamplePriority -->
    </test> <!-- ExamplePriority -->
    <test started-at="2024-07-14T01:01:46 IST" name="Groups" finished-at="2024-07-14T01:01:46 IST" duration-ms="15">
      <class name="TestNGAnnotations.Groups">
        <test-method is-config="true" signature="BeforeSuite()[pri:0, instance:TestNGAnnotations.Groups@6bd61f98]" started-at="2024-07-14T01:01:46 IST" name="BeforeSuite" finished-at="2024-07-14T01:01:46 IST" duration-ms="10" status="PASS">
          <reporter-output>
          </reporter-output>
        </test-method> <!-- BeforeSuite -->
        <test-method is-config="true" signature="beforeTest()[pri:0, instance:TestNGAnnotations.Groups@6bd61f98]" started-at="2024-07-14T01:01:46 IST" name="beforeTest" finished-at="2024-07-14T01:01:46 IST" duration-ms="0" status="PASS">
          <reporter-output>
          </reporter-output>
        </test-method> <!-- beforeTest -->
        <test-method is-config="true" signature="beforeMethod()[pri:0, instance:TestNGAnnotations.Groups@6bd61f98]" started-at="2024-07-14T01:01:46 IST" name="beforeMethod" finished-at="2024-07-14T01:01:46 IST" duration-ms="1" status="PASS">
          <reporter-output>
          </reporter-output>
        </test-method> <!-- beforeMethod -->
        <test-method is-config="true" signature="beforeMethod()[pri:0, instance:TestNGAnnotations.Groups@6bd61f98]" started-at="2024-07-14T01:01:46 IST" name="beforeMethod" finished-at="2024-07-14T01:01:46 IST" duration-ms="0" status="PASS">
          <reporter-output>
          </reporter-output>
        </test-method> <!-- beforeMethod -->
        <test-method signature="f1()[pri:0, instance:TestNGAnnotations.Groups@6bd61f98]" started-at="2024-07-14T01:01:46 IST" name="f1" finished-at="2024-07-14T01:01:46 IST" duration-ms="4" status="PASS">
          <reporter-output>
          </reporter-output>
        </test-method> <!-- f1 -->
        <test-method signature="f2()[pri:0, instance:TestNGAnnotations.Groups@6bd61f98]" started-at="2024-07-14T01:01:46 IST" name="f2" finished-at="2024-07-14T01:01:46 IST" duration-ms="2" status="PASS">
          <reporter-output>
          </reporter-output>
        </test-method> <!-- f2 -->
        <test-method is-config="true" signature="afterMethod()[pri:0, instance:TestNGAnnotations.Groups@6bd61f98]" started-at="2024-07-14T01:01:46 IST" name="afterMethod" finished-at="2024-07-14T01:01:46 IST" duration-ms="1" status="PASS">
          <reporter-output>
          </reporter-output>
        </test-method> <!-- afterMethod -->
        <test-method is-config="true" signature="afterMethod()[pri:0, instance:TestNGAnnotations.Groups@6bd61f98]" started-at="2024-07-14T01:01:46 IST" name="afterMethod" finished-at="2024-07-14T01:01:46 IST" duration-ms="1" status="PASS">
          <reporter-output>
          </reporter-output>
        </test-method> <!-- afterMethod -->
        <test-method is-config="true" signature="openGmail()[pri:0, instance:TestNGAnnotations.Groups@6bd61f98]" started-at="2024-07-14T01:01:46 IST" name="openGmail" finished-at="2024-07-14T01:01:46 IST" duration-ms="1" status="PASS">
          <reporter-output>
          </reporter-output>
        </test-method> <!-- openGmail -->
        <test-method is-config="true" signature="sendEmail()[pri:0, instance:TestNGAnnotations.Groups@6bd61f98]" started-at="2024-07-14T01:01:46 IST" name="sendEmail" finished-at="2024-07-14T01:01:46 IST" depends-on-methods="TestNGAnnotations.Groups.composeEmail" duration-ms="1" status="PASS">
          <reporter-output>
          </reporter-output>
        </test-method> <!-- sendEmail -->
        <test-method is-config="true" signature="composeEmail()[pri:0, instance:TestNGAnnotations.Groups@6bd61f98]" started-at="2024-07-14T01:01:46 IST" name="composeEmail" finished-at="2024-07-14T01:01:46 IST" depends-on-methods="TestNGAnnotations.Groups.openGmail" duration-ms="0" status="PASS">
          <reporter-output>
          </reporter-output>
        </test-method> <!-- composeEmail -->
        <test-method is-config="true" signature="afterTest()[pri:0, instance:TestNGAnnotations.Groups@6bd61f98]" started-at="2024-07-14T01:01:46 IST" name="afterTest" finished-at="2024-07-14T01:01:46 IST" duration-ms="0" status="PASS">
          <reporter-output>
          </reporter-output>
        </test-method> <!-- afterTest -->
        <test-method is-config="true" signature="AfterSuite()[pri:0, instance:TestNGAnnotations.Groups@6bd61f98]" started-at="2024-07-14T01:01:46 IST" name="AfterSuite" finished-at="2024-07-14T01:01:46 IST" duration-ms="1" status="PASS">
          <reporter-output>
          </reporter-output>
        </test-method> <!-- AfterSuite -->
      </class> <!-- TestNGAnnotations.Groups -->
    </test> <!-- Groups -->
  </suite> <!-- Sample Suite -->
</testng-results>
