<?xml version="1.0" encoding="UTF-8"?>
<testng-results ignored="0" total="4" passed="4" failed="0" skipped="0">
  <reporter-output>
  </reporter-output>
  <suite started-at="2024-07-14T23:31:26 IST" name="Default suite" finished-at="2024-07-14T23:31:26 IST" duration-ms="48">
    <groups>
    </groups>
    <test started-at="2024-07-14T23:31:26 IST" name="Default test" finished-at="2024-07-14T23:31:26 IST" duration-ms="48">
      <class name="CustomAnnotation.SampleTestClass">
        <test-method is-config="true" signature="BeforeSuite()[pri:0, instance:CustomAnnotation.SampleTestClass@3a44431a]" started-at="2024-07-14T23:31:26 IST" name="BeforeSuite" finished-at="2024-07-14T23:31:26 IST" duration-ms="8" status="PASS">
          <reporter-output>
          </reporter-output>
        </test-method> <!-- BeforeSuite -->
        <test-method is-config="true" signature="beforeTest()[pri:0, instance:CustomAnnotation.SampleTestClass@3a44431a]" started-at="2024-07-14T23:31:26 IST" name="beforeTest" finished-at="2024-07-14T23:31:26 IST" duration-ms="0" status="PASS">
          <reporter-output>
          </reporter-output>
        </test-method> <!-- beforeTest -->
        <test-method is-config="true" signature="beforeMethod()[pri:0, instance:CustomAnnotation.SampleTestClass@3a44431a]" started-at="2024-07-14T23:31:26 IST" name="beforeMethod" finished-at="2024-07-14T23:31:26 IST" duration-ms="0" status="PASS">
          <reporter-output>
          </reporter-output>
        </test-method> <!-- beforeMethod -->
        <test-method signature="runRegressionTests()[pri:0, instance:CustomAnnotation.SampleTestClass@3a44431a]" started-at="2024-07-14T23:31:26 IST" name="runRegressionTests" finished-at="2024-07-14T23:31:26 IST" duration-ms="8" status="PASS">
          <reporter-output>
          </reporter-output>
        </test-method> <!-- runRegressionTests -->
        <test-method is-config="true" signature="afterMethod()[pri:0, instance:CustomAnnotation.SampleTestClass@3a44431a]" started-at="2024-07-14T23:31:26 IST" name="afterMethod" finished-at="2024-07-14T23:31:26 IST" duration-ms="0" status="PASS">
          <reporter-output>
          </reporter-output>
        </test-method> <!-- afterMethod -->
        <test-method signature="runSmokeTests()[pri:0, instance:CustomAnnotation.SampleTestClass@3a44431a]" started-at="2024-07-14T23:31:26 IST" name="runSmokeTests" finished-at="2024-07-14T23:31:26 IST" duration-ms="2" status="PASS">
          <reporter-output>
          </reporter-output>
        </test-method> <!-- runSmokeTests -->
        <test-method is-config="true" signature="beforeMethod()[pri:0, instance:CustomAnnotation.SampleTestClass@3a44431a]" started-at="2024-07-14T23:31:26 IST" name="beforeMethod" finished-at="2024-07-14T23:31:26 IST" duration-ms="0" status="PASS">
          <reporter-output>
          </reporter-output>
        </test-method> <!-- beforeMethod -->
        <test-method is-config="true" signature="beforeMethod()[pri:0, instance:CustomAnnotation.SampleTestClass@3a44431a]" started-at="2024-07-14T23:31:26 IST" name="beforeMethod" finished-at="2024-07-14T23:31:26 IST" duration-ms="1" status="PASS">
          <reporter-output>
          </reporter-output>
        </test-method> <!-- beforeMethod -->
        <test-method is-config="true" signature="afterMethod()[pri:0, instance:CustomAnnotation.SampleTestClass@3a44431a]" started-at="2024-07-14T23:31:26 IST" name="afterMethod" finished-at="2024-07-14T23:31:26 IST" duration-ms="0" status="PASS">
          <reporter-output>
          </reporter-output>
        </test-method> <!-- afterMethod -->
        <test-method signature="sampleTest1()[pri:0, instance:CustomAnnotation.SampleTestClass@3a44431a]" started-at="2024-07-14T23:31:26 IST" name="sampleTest1" finished-at="2024-07-14T23:31:26 IST" duration-ms="1" status="PASS">
          <reporter-output>
          </reporter-output>
        </test-method> <!-- sampleTest1 -->
        <test-method signature="sampleTest2()[pri:0, instance:CustomAnnotation.SampleTestClass@3a44431a]" started-at="2024-07-14T23:31:26 IST" name="sampleTest2" finished-at="2024-07-14T23:31:26 IST" duration-ms="1" status="PASS">
          <reporter-output>
          </reporter-output>
        </test-method> <!-- sampleTest2 -->
        <test-method is-config="true" signature="beforeMethod()[pri:0, instance:CustomAnnotation.SampleTestClass@3a44431a]" started-at="2024-07-14T23:31:26 IST" name="beforeMethod" finished-at="2024-07-14T23:31:26 IST" duration-ms="0" status="PASS">
          <reporter-output>
          </reporter-output>
        </test-method> <!-- beforeMethod -->
        <test-method is-config="true" signature="afterMethod()[pri:0, instance:CustomAnnotation.SampleTestClass@3a44431a]" started-at="2024-07-14T23:31:26 IST" name="afterMethod" finished-at="2024-07-14T23:31:26 IST" duration-ms="0" status="PASS">
          <reporter-output>
          </reporter-output>
        </test-method> <!-- afterMethod -->
        <test-method is-config="true" signature="afterMethod()[pri:0, instance:CustomAnnotation.SampleTestClass@3a44431a]" started-at="2024-07-14T23:31:26 IST" name="afterMethod" finished-at="2024-07-14T23:31:26 IST" duration-ms="0" status="PASS">
          <reporter-output>
          </reporter-output>
        </test-method> <!-- afterMethod -->
        <test-method is-config="true" signature="afterTest()[pri:0, instance:CustomAnnotation.SampleTestClass@3a44431a]" started-at="2024-07-14T23:31:26 IST" name="afterTest" finished-at="2024-07-14T23:31:26 IST" duration-ms="1" status="PASS">
          <reporter-output>
          </reporter-output>
        </test-method> <!-- afterTest -->
        <test-method is-config="true" signature="AfterSuite()[pri:0, instance:CustomAnnotation.SampleTestClass@3a44431a]" started-at="2024-07-14T23:31:26 IST" name="AfterSuite" finished-at="2024-07-14T23:31:26 IST" duration-ms="1" status="PASS">
          <reporter-output>
          </reporter-output>
        </test-method> <!-- AfterSuite -->
      </class> <!-- CustomAnnotation.SampleTestClass -->
    </test> <!-- Default test -->
  </suite> <!-- Default suite -->
</testng-results>
